2024-06-20T17:05:55  chore: bump dev tooling
2024-06-29T12:22:02  docs: expand examples
2024-08-01T19:39:09  test: strengthen coverage
2024-09-04T14:56:16  chore: tune defaults
2024-09-13T09:13:23  refactor: simplify helper
2024-10-24T16:30:30  chore: routine maintenance
2024-11-02T11:47:37  docs: clarify usage notes
2024-12-06T18:04:44  test: add edge case
2024-12-15T13:21:51  refactor: tidy internals
2025-01-25T08:38:58  fix: handle empty input gracefully
2025-02-03T15:55:05  perf: micro-optimization
2025-03-09T10:12:12  style: formatting
2025-04-11T17:29:19  chore: bump dev tooling
2025-04-28T12:46:26  docs: expand examples
2025-05-31T19:03:33  test: strengthen coverage
2025-06-10T14:20:40  chore: tune defaults
2025-07-13T09:37:47  refactor: simplify helper
2025-07-29T16:54:54  chore: routine maintenance
2025-09-01T11:11:01  docs: clarify usage notes
2025-09-10T18:28:08  test: add edge case
2025-10-14T13:45:15  refactor: tidy internals
2025-11-16T08:02:22  fix: handle empty input gracefully
2025-12-03T15:19:29  perf: micro-optimization
2026-01-05T10:36:36  style: formatting
2026-01-15T17:53:43  chore: bump dev tooling
2026-02-17T12:10:50  docs: expand examples
2026-03-06T19:27:57  test: strengthen coverage
2026-04-08T14:44:04  chore: tune defaults
2026-04-18T09:01:11  refactor: simplify helper
2026-05-21T16:18:18  chore: routine maintenance
2024-07-20T17:05:55  fix: the cake is a lie, but the bug was real
2024-11-17T12:22:02  test: trust, but verify
2025-03-18T19:39:09  fix: 60% of the time, it works every time
2025-04-21T14:56:16  docs: here be dragons
2025-08-20T09:13:23  feat: with great power comes great test coverage
2025-12-02T16:30:30  chore: one does not simply skip CI
2026-01-05T11:47:37  docs: standing on the shoulders of giants (garak, sigma, trufflehog)
2026-05-06T18:04:44  chore: tip of the hat to Thinkst, Bellingcat, and SigmaHQ
2024-06-01T14:30:30  chore: one does not simply skip CI
2024-07-05T09:47:37  build(rules): clarify the README quickstart
2024-07-21T16:04:44  fix(output): bump the dev toolchain
2024-08-07T11:21:51  refactor(docs): support stdin as a source
2024-08-24T18:38:58  test(scoring): cover the multiline case
2024-09-10T13:55:05  ci(rules): trim whitespace in parsed fields
2024-09-26T08:12:12  feat(output): add a fast path for the common case
